<?xml version="1.0" encoding="UTF-8"?>
<!-- Generated by org.testng.reporters.JUnitReportReporter -->
<testsuite hostname="AmitAsus" failures="0" tests="2" name="sdet.XMlParametrisation.CricbuzzTest" time="0.057" errors="0" timestamp="2024-11-17T01:01:29 IST" skipped="0">
  <testcase classname="sdet.XMlParametrisation.CricbuzzTest" name="verifyURL" time="0.019"/>
  <system-out/>
  <testcase classname="sdet.XMlParametrisation.CricbuzzTest" name="verifyTitle" time="0.038"/>
  <system-out/>
</testsuite> <!-- sdet.XMlParametrisation.CricbuzzTest -->
