<?xml version="1.0" encoding="UTF-8"?>
<!-- Generated by org.testng.reporters.JUnitReportReporter -->
<testsuite hostname="AmitAsus" failures="0" tests="2" name="sdet.testNGRunningSuite.TestCase2" time="0.002" errors="0" timestamp="2024-11-16T01:02:53 IST" skipped="0">
  <testcase classname="sdet.testNGRunningSuite.TestCase2" name="b_tc_2_fun_2" time="0.001"/>
  <system-out/>
  <testcase classname="sdet.testNGRunningSuite.TestCase2" name="a_tc_2_fun_1" time="0.001"/>
  <system-out/>
</testsuite> <!-- sdet.testNGRunningSuite.TestCase2 -->
