<?xml version="1.0" encoding="UTF-8"?>
<!-- Generated by org.testng.reporters.JUnitReportReporter -->
<testsuite hostname="AmitAsus" failures="0" tests="3" name="sdet.grouping.loginTests" time="0.015" errors="0" timestamp="2024-11-16T23:02:16 IST" skipped="0">
  <testcase classname="sdet.grouping.loginTests" name="loginByEmail" time="0.011"/>
  <system-out/>
  <testcase classname="sdet.grouping.loginTests" name="loginByFacebook" time="0.002"/>
  <system-out/>
  <testcase classname="sdet.grouping.loginTests" name="loginByTwitter" time="0.002"/>
  <system-out/>
</testsuite> <!-- sdet.grouping.loginTests -->
