<?xml version="1.0" encoding="UTF-8"?>
<!-- Generated by org.testng.reporters.JUnitReportReporter -->
<testsuite hostname="AmitAsus" failures="0" tests="3" name="sdet.testNGRunningSuite.TestCase1" time="0.021" errors="0" timestamp="2024-11-16T01:02:53 IST" skipped="0">
  <testcase classname="sdet.testNGRunningSuite.TestCase1" name="tc_1_fun_1" time="0.018"/>
  <system-out/>
  <testcase classname="sdet.testNGRunningSuite.TestCase1" name="tc_1_fun_2" time="0.002"/>
  <system-out/>
  <testcase classname="sdet.testNGRunningSuite.TestCase1" name="tc_1_fun_3" time="0.001"/>
  <system-out/>
</testsuite> <!-- sdet.testNGRunningSuite.TestCase1 -->
