<?xml version="1.0" encoding="UTF-8"?>
<!-- Generated by org.testng.reporters.JUnitReportReporter -->
<testsuite hostname="AmitAsus" failures="0" tests="2" name="sdet.grouping.PaymentTests" time="0.013" errors="0" timestamp="2024-11-16T23:05:18 IST" skipped="0">
  <testcase classname="sdet.grouping.PaymentTests" name="UPIPayment" time="0.012"/>
  <system-out/>
  <testcase classname="sdet.grouping.PaymentTests" name="CreditCardPayment" time="0.001"/>
  <system-out/>
</testsuite> <!-- sdet.grouping.PaymentTests -->
