<?xml version="1.0" encoding="UTF-8"?>
<!-- Generated by org.testng.reporters.JUnitReportReporter -->
<testsuite hostname="AmitAsus" failures="0" tests="2" name="sdet.allAnnoatations.NewTest" time="0.010" errors="0" timestamp="2024-11-16T20:15:56 IST" skipped="0">
  <testcase classname="sdet.allAnnoatations.NewTest" name="f2" time="0.002"/>
  <system-out/>
  <testcase classname="sdet.allAnnoatations.NewTest" name="f1" time="0.008"/>
  <system-out/>
</testsuite> <!-- sdet.allAnnoatations.NewTest -->
