<?xml version="1.0" encoding="UTF-8"?>
<!-- Generated by org.testng.reporters.JUnitReportReporter -->
<testsuite hostname="AmitAsus" failures="0" tests="3" name="sdet.grouping.SignUpTests" time="0.015" errors="0" timestamp="2024-11-16T23:03:53 IST" skipped="0">
  <testcase classname="sdet.grouping.SignUpTests" name="SignUpByEmail" time="0.012"/>
  <system-out/>
  <testcase classname="sdet.grouping.SignUpTests" name="SignUpByFacebook" time="0.002"/>
  <system-out/>
  <testcase classname="sdet.grouping.SignUpTests" name="SignUpByTwitter" time="0.001"/>
  <system-out/>
</testsuite> <!-- sdet.grouping.SignUpTests -->
